<?xml version="1.0" encoding="UTF-8"?>
<testng-results ignored="0" total="1" passed="1" failed="0" skipped="0">
  <reporter-output>
  </reporter-output>
  <suite started-at="2023-02-01T12:58:01 IST" name="Default suite" finished-at="2023-02-01T12:58:35 IST" duration-ms="33824">
    <groups>
    </groups>
    <test started-at="2023-02-01T12:58:01 IST" name="Default test" finished-at="2023-02-01T12:58:35 IST" duration-ms="33824">
      <class name="OrangeHRM.OHRM_EmployeeList">
        <test-method is-config="true" signature="Setup()[pri:0, instance:OrangeHRM.OHRM_EmployeeList@1b6e1eff]" started-at="2023-02-01T12:58:01 IST" name="Setup" finished-at="2023-02-01T12:58:19 IST" duration-ms="17808" status="PASS">
          <reporter-output>
          </reporter-output>
        </test-method> <!-- Setup -->
        <test-method signature="Employeelist()[pri:0, instance:OrangeHRM.OHRM_EmployeeList@1b6e1eff]" started-at="2023-02-01T12:58:19 IST" name="Employeelist" finished-at="2023-02-01T12:58:35 IST" duration-ms="15987" status="PASS">
          <reporter-output>
          </reporter-output>
        </test-method> <!-- Employeelist -->
      </class> <!-- OrangeHRM.OHRM_EmployeeList -->
    </test> <!-- Default test -->
  </suite> <!-- Default suite -->
</testng-results>
